<?xml version="1.0" encoding="UTF-8"?>
<!DOCTYPE properties SYSTEM "http://java.sun.com/dtd/properties.dtd">
<properties version="1.0">
  <comment>Test run arguments (ets-wms13-dgiwg-2021)</comment>
  <!-- <entry key="wms">http://geowww.agrocampus-ouest.fr/geoserver/wms?request=getCapabilities</entry>-->
  <!--<entry key="wms">https://demo.geo-solutions.it/geoserver/ows?request=getcapabilities&amp;service=wms&amp;version=1.3.0</entry>-->
  <entry key="wms">https://wxs.ign.fr/metadata/geoportail/v/wms?SERVICE=WMS&amp;REQUEST=GetCapabilities&amp;version=1.3.0</entry>
  <entry key="vector">false</entry>
  <entry key="tes">http://cite.opengeospatial.org/te2/</entry>
</properties>
