<?xml version="1.0" encoding="UTF-8"?>
<!-- Generated by org.testng.reporters.JUnitReportReporter -->
<testsuite hostname="localhost.localdomain" name="de.latlon.ets.wms13.core.dgiwg.testsuite.getcapabilities.GetCapabilitiesAcceptFormatsTest" tests="2" failures="0" timestamp="20 May 2021 07:22:19 GMT" time="0.023" errors="2">
  <testcase name="acceptFormatsparameterExists" time="0.023" classname="de.latlon.ets.wms13.core.dgiwg.testsuite.getcapabilities.GetCapabilitiesAcceptFormatsTest">
    <error type="java.lang.NullPointerException">
      <![CDATA[java.lang.NullPointerException
	at de.latlon.ets.wms13.core.dgiwg.testsuite.getcapabilities.GetCapabilitiesAcceptFormatsTest.acceptFormatsparameterExists(GetCapabilitiesAcceptFormatsTest.java:51)
	at sun.reflect.NativeMethodAccessorImpl.invoke0(Native Method)
	at sun.reflect.NativeMethodAccessorImpl.invoke(NativeMethodAccessorImpl.java:62)
	at sun.reflect.DelegatingMethodAccessorImpl.invoke(DelegatingMethodAccessorImpl.java:43)
	at java.lang.reflect.Method.invoke(Method.java:498)
	at org.testng.internal.MethodInvocationHelper.invokeMethod(MethodInvocationHelper.java:86)
	at org.testng.internal.Invoker.invokeMethod(Invoker.java:643)
	at org.testng.internal.Invoker.invokeTestMethod(Invoker.java:820)
	at org.testng.internal.Invoker.invokeTestMethods(Invoker.java:1128)
	at org.testng.internal.TestMethodWorker.invokeTestMethods(TestMethodWorker.java:129)
	at org.testng.internal.TestMethodWorker.run(TestMethodWorker.java:112)
	at org.testng.TestRunner.privateRun(TestRunner.java:782)
	at org.testng.TestRunner.run(TestRunner.java:632)
	at org.testng.SuiteRunner.runTest(SuiteRunner.java:366)
	at org.testng.SuiteRunner.runSequentially(SuiteRunner.java:361)
	at org.testng.SuiteRunner.privateRun(SuiteRunner.java:319)
	at org.testng.SuiteRunner.run(SuiteRunner.java:268)
	at org.testng.SuiteRunnerWorker.runSuite(SuiteRunnerWorker.java:52)
	at org.testng.SuiteRunnerWorker.run(SuiteRunnerWorker.java:86)
	at org.testng.TestNG.runSuitesSequentially(TestNG.java:1244)
	at org.testng.TestNG.runSuitesLocally(TestNG.java:1169)
	at org.testng.TestNG.run(TestNG.java:1064)
	at org.testng.remote.AbstractRemoteTestNG.run(AbstractRemoteTestNG.java:115)
	at org.testng.remote.RemoteTestNG.initAndRun(RemoteTestNG.java:251)
	at org.testng.remote.RemoteTestNG.main(RemoteTestNG.java:77)
]]>
    </error>
  </testcase> <!-- acceptFormatsparameterExists -->
  <testcase name="wmsCapabilitiesFormatIsAccepted" time="0.000" classname="de.latlon.ets.wms13.core.dgiwg.testsuite.getcapabilities.GetCapabilitiesAcceptFormatsTest">
    <error type="java.lang.Throwable" message="Method GetCapabilitiesAcceptFormatsTest.wmsCapabilitiesFormatIsAccepted(java.util.List)[pri:0, instance:de.latlon.ets.wms13.core.dgiwg.testsuite.getcapabilities.GetCapabilitiesAcceptFormatsTest@51f01535] depends on not successfully finished methods">
      <![CDATA[java.lang.Throwable: Method GetCapabilitiesAcceptFormatsTest.wmsCapabilitiesFormatIsAccepted(java.util.List)[pri:0, instance:de.latlon.ets.wms13.core.dgiwg.testsuite.getcapabilities.GetCapabilitiesAcceptFormatsTest@51f01535] depends on not successfully finished methods
	at org.testng.internal.Invoker.invokeTestMethods(Invoker.java:1037)
	at org.testng.internal.TestMethodWorker.invokeTestMethods(TestMethodWorker.java:129)
	at org.testng.internal.TestMethodWorker.run(TestMethodWorker.java:112)
	at org.testng.TestRunner.privateRun(TestRunner.java:782)
	at org.testng.TestRunner.run(TestRunner.java:632)
	at org.testng.SuiteRunner.runTest(SuiteRunner.java:366)
	at org.testng.SuiteRunner.runSequentially(SuiteRunner.java:361)
	at org.testng.SuiteRunner.privateRun(SuiteRunner.java:319)
	at org.testng.SuiteRunner.run(SuiteRunner.java:268)
	at org.testng.SuiteRunnerWorker.runSuite(SuiteRunnerWorker.java:52)
	at org.testng.SuiteRunnerWorker.run(SuiteRunnerWorker.java:86)
	at org.testng.TestNG.runSuitesSequentially(TestNG.java:1244)
	at org.testng.TestNG.runSuitesLocally(TestNG.java:1169)
	at org.testng.TestNG.run(TestNG.java:1064)
	at org.testng.remote.AbstractRemoteTestNG.run(AbstractRemoteTestNG.java:115)
	at org.testng.remote.RemoteTestNG.initAndRun(RemoteTestNG.java:251)
	at org.testng.remote.RemoteTestNG.main(RemoteTestNG.java:77)
]]>
    </error>
  </testcase> <!-- wmsCapabilitiesFormatIsAccepted -->
</testsuite> <!-- de.latlon.ets.wms13.core.dgiwg.testsuite.getcapabilities.GetCapabilitiesAcceptFormatsTest -->
